<?xml version="1.0" encoding="UTF-8"?>
<robot generator="Robot 4.1.3 (Python 3.9.10 on win32)" generated="20220214 15:37:24.856" rpa="false" schemaversion="2">
<suite id="s1" name="LoginandRegister" source="Z:\Automation\Python\RobotSelenium\TestCases\LoginandRegister.robot">
<test id="s1-t1" name="Register and Login New Customer">
<kw name="Proceed To Browser" library="CommonGlobal">
<kw name="Open Browser" library="SeleniumLibrary">
<arg>${app_url}</arg>
<arg>${app_browser}</arg>
<doc>Opens a new browser instance to the optional ``url``.</doc>
<msg timestamp="20220214 15:37:25.176" level="INFO">Opening browser 'chrome' to base url 'https://demo.nopcommerce.com/'.</msg>
<status status="PASS" starttime="20220214 15:37:25.176" endtime="20220214 15:37:27.828"/>
</kw>
<kw name="Maximize Browser Window" library="SeleniumLibrary">
<doc>Maximizes current browser window.</doc>
<status status="PASS" starttime="20220214 15:37:27.829" endtime="20220214 15:37:27.952"/>
</kw>
<kw name="Location Should Be" library="SeleniumLibrary">
<arg>${app_url}</arg>
<doc>Verifies that the current URL is exactly ``url``.</doc>
<msg timestamp="20220214 15:37:27.956" level="INFO">Current location is 'https://demo.nopcommerce.com/'.</msg>
<status status="PASS" starttime="20220214 15:37:27.952" endtime="20220214 15:37:27.956"/>
</kw>
<status status="PASS" starttime="20220214 15:37:25.176" endtime="20220214 15:37:27.956"/>
</kw>
<kw name="Navigate To Register Page">
<kw name="Click Element" library="SeleniumLibrary">
<arg>${common_mainScreen_register_button}</arg>
<doc>Click the element identified by ``locator``.</doc>
<msg timestamp="20220214 15:37:27.958" level="INFO">Clicking element 'xpath://a[@class="ico-register"]'.</msg>
<status status="PASS" starttime="20220214 15:37:27.957" endtime="20220214 15:37:28.449"/>
</kw>
<kw name="Location Should Be" library="SeleniumLibrary">
<arg>${REGISTER_URL}</arg>
<doc>Verifies that the current URL is exactly ``url``.</doc>
<msg timestamp="20220214 15:37:28.453" level="INFO">Current location is 'https://demo.nopcommerce.com/register?returnUrl=%2F'.</msg>
<status status="PASS" starttime="20220214 15:37:28.450" endtime="20220214 15:37:28.453"/>
</kw>
<kw name="Title Should Be" library="SeleniumLibrary">
<arg>nopCommerce demo store. Register</arg>
<doc>Verifies that the current page title equals ``title``.</doc>
<msg timestamp="20220214 15:37:28.456" level="INFO">Page title is 'nopCommerce demo store. Register'.</msg>
<status status="PASS" starttime="20220214 15:37:28.453" endtime="20220214 15:37:28.457"/>
</kw>
<status status="PASS" starttime="20220214 15:37:27.957" endtime="20220214 15:37:28.457"/>
</kw>
<kw name="Generate Randomize Email" library="CommonGlobal">
<var>${test_data.email}</var>
<arg>robot.framework.selenium</arg>
<kw name="Generate Random Emails" library="CustomLibrary">
<var>${GENERATE_RANDOM_EMAILS}</var>
<arg>${append_email}</arg>
<msg timestamp="20220214 15:37:28.458" level="INFO">${GENERATE_RANDOM_EMAILS} = 0m_robot.framework.selenium@mailinator.com</msg>
<status status="PASS" starttime="20220214 15:37:28.457" endtime="20220214 15:37:28.458"/>
</kw>
<kw name="Set Test Variable" library="BuiltIn">
<arg>${GET_GENERATED_RANDOM_EMAIL}</arg>
<arg>${GENERATE_RANDOM_EMAILS}</arg>
<doc>Makes a variable available everywhere within the scope of the current test.</doc>
<msg timestamp="20220214 15:37:28.458" level="INFO">${GET_GENERATED_RANDOM_EMAIL} = 0m_robot.framework.selenium@mailinator.com</msg>
<status status="PASS" starttime="20220214 15:37:28.458" endtime="20220214 15:37:28.458"/>
</kw>
<kw name="My Logger" library="CommonGlobal">
<arg>${GET_GENERATED_RANDOM_EMAIL}</arg>
<status status="PASS" starttime="20220214 15:37:28.458" endtime="20220214 15:37:28.459"/>
</kw>
<msg timestamp="20220214 15:37:28.459" level="INFO">${test_data.email} = 0m_robot.framework.selenium@mailinator.com</msg>
<status status="PASS" starttime="20220214 15:37:28.457" endtime="20220214 15:37:28.459"/>
</kw>
<kw name="My Logger" library="CommonGlobal">
<arg>${test_data}</arg>
<status status="PASS" starttime="20220214 15:37:28.459" endtime="20220214 15:37:28.460"/>
</kw>
<kw name="Register Customer">
<arg>${test_data.gender}</arg>
<arg>${test_data.first_name}</arg>
<arg>${test_data.last_name}</arg>
<arg>${test_data.birthdate}</arg>
<arg>${test_data.get_news}</arg>
<arg>${test_data.email}</arg>
<arg>${test_data.password}</arg>
<kw name="Create List" library="BuiltIn">
<var>@{list_of_required_fileds}</var>
<arg>${gender}</arg>
<arg>${first_name}</arg>
<arg>${last_name}</arg>
<arg>${birth_date}</arg>
<arg>${news_letter}</arg>
<arg>${input_email}</arg>
<arg>${input_password}</arg>
<doc>Returns a list containing given items.</doc>
<msg timestamp="20220214 15:37:28.465" level="INFO">@{list_of_required_fileds} = [ Female | robot_framework | selenium | 12/30/2001 | Yes | 0m_robot.framework.selenium@mailinator.com | test_python ]</msg>
<status status="PASS" starttime="20220214 15:37:28.465" endtime="20220214 15:37:28.465"/>
</kw>
<for flavor="IN">
<var>${field}</var>
<value>@{list_of_required_fileds}</value>
<iter>
<var name="${field}">Female</var>
<kw name="Should Not Be Empty" library="BuiltIn">
<arg>${field}</arg>
<doc>Verifies that the given item is not empty.</doc>
<msg timestamp="20220214 15:37:28.467" level="INFO">Length is 6</msg>
<status status="PASS" starttime="20220214 15:37:28.466" endtime="20220214 15:37:28.467"/>
</kw>
<status status="PASS" starttime="20220214 15:37:28.466" endtime="20220214 15:37:28.467"/>
</iter>
<iter>
<var name="${field}">robot_framework</var>
<kw name="Should Not Be Empty" library="BuiltIn">
<arg>${field}</arg>
<doc>Verifies that the given item is not empty.</doc>
<msg timestamp="20220214 15:37:28.467" level="INFO">Length is 15</msg>
<status status="PASS" starttime="20220214 15:37:28.467" endtime="20220214 15:37:28.468"/>
</kw>
<status status="PASS" starttime="20220214 15:37:28.467" endtime="20220214 15:37:28.468"/>
</iter>
<iter>
<var name="${field}">selenium</var>
<kw name="Should Not Be Empty" library="BuiltIn">
<arg>${field}</arg>
<doc>Verifies that the given item is not empty.</doc>
<msg timestamp="20220214 15:37:28.468" level="INFO">Length is 8</msg>
<status status="PASS" starttime="20220214 15:37:28.468" endtime="20220214 15:37:28.468"/>
</kw>
<status status="PASS" starttime="20220214 15:37:28.468" endtime="20220214 15:37:28.468"/>
</iter>
<iter>
<var name="${field}">12/30/2001</var>
<kw name="Should Not Be Empty" library="BuiltIn">
<arg>${field}</arg>
<doc>Verifies that the given item is not empty.</doc>
<msg timestamp="20220214 15:37:28.468" level="INFO">Length is 10</msg>
<status status="PASS" starttime="20220214 15:37:28.468" endtime="20220214 15:37:28.468"/>
</kw>
<status status="PASS" starttime="20220214 15:37:28.468" endtime="20220214 15:37:28.469"/>
</iter>
<iter>
<var name="${field}">Yes</var>
<kw name="Should Not Be Empty" library="BuiltIn">
<arg>${field}</arg>
<doc>Verifies that the given item is not empty.</doc>
<msg timestamp="20220214 15:37:28.469" level="INFO">Length is 3</msg>
<status status="PASS" starttime="20220214 15:37:28.469" endtime="20220214 15:37:28.469"/>
</kw>
<status status="PASS" starttime="20220214 15:37:28.469" endtime="20220214 15:37:28.469"/>
</iter>
<iter>
<var name="${field}">0m_robot.framework.selenium@mailinator.com</var>
<kw name="Should Not Be Empty" library="BuiltIn">
<arg>${field}</arg>
<doc>Verifies that the given item is not empty.</doc>
<msg timestamp="20220214 15:37:28.469" level="INFO">Length is 42</msg>
<status status="PASS" starttime="20220214 15:37:28.469" endtime="20220214 15:37:28.469"/>
</kw>
<status status="PASS" starttime="20220214 15:37:28.469" endtime="20220214 15:37:28.469"/>
</iter>
<iter>
<var name="${field}">test_python</var>
<kw name="Should Not Be Empty" library="BuiltIn">
<arg>${field}</arg>
<doc>Verifies that the given item is not empty.</doc>
<msg timestamp="20220214 15:37:28.470" level="INFO">Length is 11</msg>
<status status="PASS" starttime="20220214 15:37:28.470" endtime="20220214 15:37:28.470"/>
</kw>
<status status="PASS" starttime="20220214 15:37:28.470" endtime="20220214 15:37:28.470"/>
</iter>
<status status="PASS" starttime="20220214 15:37:28.466" endtime="20220214 15:37:28.470"/>
</for>
<kw name="Click Element" library="SeleniumLibrary">
<arg>${common_mainScreen_register_button}</arg>
<doc>Click the element identified by ``locator``.</doc>
<msg timestamp="20220214 15:37:28.470" level="INFO">Clicking element 'xpath://a[@class="ico-register"]'.</msg>
<status status="PASS" starttime="20220214 15:37:28.470" endtime="20220214 15:37:28.897"/>
</kw>
<kw name="Convert To Lower Case" library="String">
<var>${selected_gender}</var>
<arg>${gender}</arg>
<doc>Converts string to lower case.</doc>
<msg timestamp="20220214 15:37:28.897" level="INFO">${selected_gender} = female</msg>
<status status="PASS" starttime="20220214 15:37:28.897" endtime="20220214 15:37:28.897"/>
</kw>
<kw name="Run Keyword If" library="BuiltIn">
<arg>"${selected_gender}" == "male"</arg>
<arg>OR</arg>
<arg>"${selected_gender}" == "female"</arg>
<doc>Runs the given keyword with the given arguments, if ``condition`` is true.</doc>
<status status="PASS" starttime="20220214 15:37:28.897" endtime="20220214 15:37:28.898"/>
</kw>
<kw name="Set Variable" library="BuiltIn">
<var>${selector_gender}</var>
<arg>//div[@id="gender"]//input[@id="gender-${selected_gender}"]</arg>
<doc>Returns the given values which can then be assigned to a variables.</doc>
<msg timestamp="20220214 15:37:28.898" level="INFO">${selector_gender} = //div[@id="gender"]//input[@id="gender-female"]</msg>
<status status="PASS" starttime="20220214 15:37:28.898" endtime="20220214 15:37:28.898"/>
</kw>
<kw name="Click Element" library="SeleniumLibrary">
<arg>xpath:${selector_gender}</arg>
<doc>Click the element identified by ``locator``.</doc>
<msg timestamp="20220214 15:37:28.898" level="INFO">Clicking element 'xpath://div[@id="gender"]//input[@id="gender-female"]'.</msg>
<status status="PASS" starttime="20220214 15:37:28.898" endtime="20220214 15:37:28.943"/>
</kw>
<kw name="Validate and Verify Input TextBox by Value" library="CommonGlobal">
<arg>${register_mainScreen_firstName_txtbox}</arg>
<arg>${first_name}</arg>
<kw name="Scroll Element Into View" library="SeleniumLibrary">
<arg>${input_selector}</arg>
<doc>Scrolls the element identified by ``locator`` into view.</doc>
<status status="PASS" starttime="20220214 15:37:28.943" endtime="20220214 15:37:29.226"/>
</kw>
<kw name="Element Should Be Visible" library="SeleniumLibrary">
<arg>${input_selector}</arg>
<doc>Verifies that the element identified by ``locator`` is visible.</doc>
<msg timestamp="20220214 15:37:29.244" level="INFO">Element 'xpath://*[@class="page registration-page"]//form//*[@id="FirstName"]' is displayed.</msg>
<status status="PASS" starttime="20220214 15:37:29.226" endtime="20220214 15:37:29.244"/>
</kw>
<kw name="Element Should Be Enabled" library="SeleniumLibrary">
<arg>${input_selector}</arg>
<doc>Verifies that element identified by ``locator`` is enabled.</doc>
<status status="PASS" starttime="20220214 15:37:29.245" endtime="20220214 15:37:29.268"/>
</kw>
<kw name="Input Text" library="SeleniumLibrary">
<arg>${input_selector}</arg>
<arg>${input_value}</arg>
<doc>Types the given ``text`` into the text field identified by ``locator``.</doc>
<msg timestamp="20220214 15:37:29.269" level="INFO">Typing text 'robot_framework' into text field 'xpath://*[@class="page registration-page"]//form//*[@id="FirstName"]'.</msg>
<status status="PASS" starttime="20220214 15:37:29.268" endtime="20220214 15:37:29.349"/>
</kw>
<kw name="Sleep" library="BuiltIn">
<arg>1s</arg>
<doc>Pauses the test executed for the given time.</doc>
<msg timestamp="20220214 15:37:30.350" level="INFO">Slept 1 second</msg>
<status status="PASS" starttime="20220214 15:37:29.350" endtime="20220214 15:37:30.350"/>
</kw>
<status status="PASS" starttime="20220214 15:37:28.943" endtime="20220214 15:37:30.350"/>
</kw>
<kw name="Validate and Verify Input TextBox by Value" library="CommonGlobal">
<arg>${register_mainScreen_lastName_txtbox}</arg>
<arg>${last_name}</arg>
<kw name="Scroll Element Into View" library="SeleniumLibrary">
<arg>${input_selector}</arg>
<doc>Scrolls the element identified by ``locator`` into view.</doc>
<status status="PASS" starttime="20220214 15:37:30.350" endtime="20220214 15:37:30.623"/>
</kw>
<kw name="Element Should Be Visible" library="SeleniumLibrary">
<arg>${input_selector}</arg>
<doc>Verifies that the element identified by ``locator`` is visible.</doc>
<msg timestamp="20220214 15:37:30.643" level="INFO">Element 'xpath://*[@class="page registration-page"]//form//*[@id="LastName"]' is displayed.</msg>
<status status="PASS" starttime="20220214 15:37:30.623" endtime="20220214 15:37:30.643"/>
</kw>
<kw name="Element Should Be Enabled" library="SeleniumLibrary">
<arg>${input_selector}</arg>
<doc>Verifies that element identified by ``locator`` is enabled.</doc>
<status status="PASS" starttime="20220214 15:37:30.643" endtime="20220214 15:37:30.673"/>
</kw>
<kw name="Input Text" library="SeleniumLibrary">
<arg>${input_selector}</arg>
<arg>${input_value}</arg>
<doc>Types the given ``text`` into the text field identified by ``locator``.</doc>
<msg timestamp="20220214 15:37:30.673" level="INFO">Typing text 'selenium' into text field 'xpath://*[@class="page registration-page"]//form//*[@id="LastName"]'.</msg>
<status status="PASS" starttime="20220214 15:37:30.673" endtime="20220214 15:37:30.761"/>
</kw>
<kw name="Sleep" library="BuiltIn">
<arg>1s</arg>
<doc>Pauses the test executed for the given time.</doc>
<msg timestamp="20220214 15:37:31.763" level="INFO">Slept 1 second</msg>
<status status="PASS" starttime="20220214 15:37:30.761" endtime="20220214 15:37:31.763"/>
</kw>
<status status="PASS" starttime="20220214 15:37:30.350" endtime="20220214 15:37:31.763"/>
</kw>
<kw name="Select Birth of Date" library="CommonGlobal">
<arg>${register_mainScreen_birthdate_datepicker}</arg>
<arg>${birth_date}</arg>
<kw name="Split String Return By Index" library="CustomLibrary">
<var>${get_mm}</var>
<arg>${birth_date_value}</arg>
<arg>/</arg>
<arg>0</arg>
<msg timestamp="20220214 15:37:31.763" level="INFO">${get_mm} = 12</msg>
<status status="PASS" starttime="20220214 15:37:31.763" endtime="20220214 15:37:31.763"/>
</kw>
<kw name="Split String Return By Index" library="CustomLibrary">
<var>${get_dd}</var>
<arg>${birth_date_value}</arg>
<arg>/</arg>
<arg>1</arg>
<msg timestamp="20220214 15:37:31.763" level="INFO">${get_dd} = 30</msg>
<status status="PASS" starttime="20220214 15:37:31.763" endtime="20220214 15:37:31.763"/>
</kw>
<kw name="Split String Return By Index" library="CustomLibrary">
<var>${get_yyyy}</var>
<arg>${birth_date_value}</arg>
<arg>/</arg>
<arg>2</arg>
<msg timestamp="20220214 15:37:31.763" level="INFO">${get_yyyy} = 2001</msg>
<status status="PASS" starttime="20220214 15:37:31.763" endtime="20220214 15:37:31.763"/>
</kw>
<kw name="My Logger" library="CommonGlobal">
<arg>${get_mm}-${get_dd}-${get_yyyy}</arg>
<status status="PASS" starttime="20220214 15:37:31.763" endtime="20220214 15:37:31.763"/>
</kw>
<kw name="Validate and Verify Dropdown by" library="CommonGlobal">
<arg>Index</arg>
<arg>${parent_selector}//select[@name="DateOfBirthMonth"]</arg>
<arg>${get_mm}</arg>
<kw name="Scroll Element Into View" library="SeleniumLibrary">
<arg>${dropdown_selector}</arg>
<doc>Scrolls the element identified by ``locator`` into view.</doc>
<status status="PASS" starttime="20220214 15:37:31.763" endtime="20220214 15:37:32.040"/>
</kw>
<kw name="Element Should Be Visible" library="SeleniumLibrary">
<arg>${dropdown_selector}</arg>
<doc>Verifies that the element identified by ``locator`` is visible.</doc>
<msg timestamp="20220214 15:37:32.050" level="INFO">Element 'xpath://*[@class="page registration-page"]//div[@class="date-picker-wrapper"]//select[@name="DateOfBirthMonth"]' is displayed.</msg>
<status status="PASS" starttime="20220214 15:37:32.040" endtime="20220214 15:37:32.050"/>
</kw>
<kw name="Element Should Be Enabled" library="SeleniumLibrary">
<arg>${dropdown_selector}</arg>
<doc>Verifies that element identified by ``locator`` is enabled.</doc>
<status status="PASS" starttime="20220214 15:37:32.050" endtime="20220214 15:37:32.080"/>
</kw>
<kw name="Convert To Lower Case" library="String">
<var>${select_by}</var>
<arg>${value_index_label}</arg>
<doc>Converts string to lower case.</doc>
<msg timestamp="20220214 15:37:32.080" level="INFO">${select_by} = index</msg>
<status status="PASS" starttime="20220214 15:37:32.080" endtime="20220214 15:37:32.080"/>
</kw>
<if>
<branch type="IF" condition="'${select_by}' == 'value'">
<kw name="Select From List By Value" library="SeleniumLibrary">
<arg>${dropdown_selector}</arg>
<arg>${dropdown_item_value}</arg>
<doc>Selects options from selection list ``locator`` by ``values``.</doc>
<status status="NOT RUN" starttime="20220214 15:37:32.080" endtime="20220214 15:37:32.080"/>
</kw>
<status status="NOT RUN" starttime="20220214 15:37:32.080" endtime="20220214 15:37:32.080"/>
</branch>
<branch type="ELSE IF" condition="'${select_by}' == 'index'">
<kw name="Select From List By Index" library="SeleniumLibrary">
<arg>${dropdown_selector}</arg>
<arg>${dropdown_item_value}</arg>
<doc>Selects options from selection list ``locator`` by ``indexes``.</doc>
<msg timestamp="20220214 15:37:32.080" level="INFO">Selecting options from selection list 'xpath://*[@class="page registration-page"]//div[@class="date-picker-wrapper"]//select[@name="DateOfBirthMonth"]' by index 12.</msg>
<status status="PASS" starttime="20220214 15:37:32.080" endtime="20220214 15:37:32.245"/>
</kw>
<status status="PASS" starttime="20220214 15:37:32.080" endtime="20220214 15:37:32.245"/>
</branch>
<branch type="ELSE">
<kw name="Select From List By Label" library="SeleniumLibrary">
<arg>${dropdown_selector}</arg>
<arg>${dropdown_item_value}</arg>
<doc>Selects options from selection list ``locator`` by ``labels``.</doc>
<status status="NOT RUN" starttime="20220214 15:37:32.245" endtime="20220214 15:37:32.245"/>
</kw>
<status status="NOT RUN" starttime="20220214 15:37:32.245" endtime="20220214 15:37:32.245"/>
</branch>
<status status="PASS" starttime="20220214 15:37:32.080" endtime="20220214 15:37:32.245"/>
</if>
<kw name="Sleep" library="BuiltIn">
<arg>1s</arg>
<doc>Pauses the test executed for the given time.</doc>
<msg timestamp="20220214 15:37:33.253" level="INFO">Slept 1 second</msg>
<status status="PASS" starttime="20220214 15:37:32.245" endtime="20220214 15:37:33.253"/>
</kw>
<status status="PASS" starttime="20220214 15:37:31.763" endtime="20220214 15:37:33.253"/>
</kw>
<kw name="Validate and Verify Dropdown by Value" library="CommonGlobal">
<arg>${parent_selector}//select[@name="DateOfBirthDay"]</arg>
<arg>${get_dd}</arg>
<kw name="Scroll Element Into View" library="SeleniumLibrary">
<arg>${dropdown_selector}</arg>
<doc>Scrolls the element identified by ``locator`` into view.</doc>
<status status="PASS" starttime="20220214 15:37:33.253" endtime="20220214 15:37:33.531"/>
</kw>
<kw name="Element Should Be Visible" library="SeleniumLibrary">
<arg>${dropdown_selector}</arg>
<doc>Verifies that the element identified by ``locator`` is visible.</doc>
<msg timestamp="20220214 15:37:33.541" level="INFO">Element 'xpath://*[@class="page registration-page"]//div[@class="date-picker-wrapper"]//select[@name="DateOfBirthDay"]' is displayed.</msg>
<status status="PASS" starttime="20220214 15:37:33.531" endtime="20220214 15:37:33.541"/>
</kw>
<kw name="Element Should Be Enabled" library="SeleniumLibrary">
<arg>${dropdown_selector}</arg>
<doc>Verifies that element identified by ``locator`` is enabled.</doc>
<status status="PASS" starttime="20220214 15:37:33.541" endtime="20220214 15:37:33.571"/>
</kw>
<kw name="Select From List By Value" library="SeleniumLibrary">
<arg>${dropdown_selector}</arg>
<arg>${dropdown_item_value}</arg>
<doc>Selects options from selection list ``locator`` by ``values``.</doc>
<msg timestamp="20220214 15:37:33.571" level="INFO">Selecting options from selection list 'xpath://*[@class="page registration-page"]//div[@class="date-picker-wrapper"]//select[@name="DateOfBirthDay"]' by value 30.</msg>
<status status="PASS" starttime="20220214 15:37:33.571" endtime="20220214 15:37:33.624"/>
</kw>
<kw name="Sleep" library="BuiltIn">
<arg>1s</arg>
<doc>Pauses the test executed for the given time.</doc>
<msg timestamp="20220214 15:37:34.631" level="INFO">Slept 1 second</msg>
<status status="PASS" starttime="20220214 15:37:33.624" endtime="20220214 15:37:34.631"/>
</kw>
<status status="PASS" starttime="20220214 15:37:33.253" endtime="20220214 15:37:34.631"/>
</kw>
<kw name="Validate and Verify Dropdown by Value" library="CommonGlobal">
<arg>${parent_selector}//select[@name="DateOfBirthYear"]</arg>
<arg>${get_yyyy}</arg>
<kw name="Scroll Element Into View" library="SeleniumLibrary">
<arg>${dropdown_selector}</arg>
<doc>Scrolls the element identified by ``locator`` into view.</doc>
<status status="PASS" starttime="20220214 15:37:34.631" endtime="20220214 15:37:34.905"/>
</kw>
<kw name="Element Should Be Visible" library="SeleniumLibrary">
<arg>${dropdown_selector}</arg>
<doc>Verifies that the element identified by ``locator`` is visible.</doc>
<msg timestamp="20220214 15:37:34.915" level="INFO">Element 'xpath://*[@class="page registration-page"]//div[@class="date-picker-wrapper"]//select[@name="DateOfBirthYear"]' is displayed.</msg>
<status status="PASS" starttime="20220214 15:37:34.905" endtime="20220214 15:37:34.915"/>
</kw>
<kw name="Element Should Be Enabled" library="SeleniumLibrary">
<arg>${dropdown_selector}</arg>
<doc>Verifies that element identified by ``locator`` is enabled.</doc>
<status status="PASS" starttime="20220214 15:37:34.915" endtime="20220214 15:37:34.935"/>
</kw>
<kw name="Select From List By Value" library="SeleniumLibrary">
<arg>${dropdown_selector}</arg>
<arg>${dropdown_item_value}</arg>
<doc>Selects options from selection list ``locator`` by ``values``.</doc>
<msg timestamp="20220214 15:37:34.935" level="INFO">Selecting options from selection list 'xpath://*[@class="page registration-page"]//div[@class="date-picker-wrapper"]//select[@name="DateOfBirthYear"]' by value 2001.</msg>
<status status="PASS" starttime="20220214 15:37:34.935" endtime="20220214 15:37:34.988"/>
</kw>
<kw name="Sleep" library="BuiltIn">
<arg>1s</arg>
<doc>Pauses the test executed for the given time.</doc>
<msg timestamp="20220214 15:37:35.998" level="INFO">Slept 1 second</msg>
<status status="PASS" starttime="20220214 15:37:34.988" endtime="20220214 15:37:35.998"/>
</kw>
<status status="PASS" starttime="20220214 15:37:34.631" endtime="20220214 15:37:35.998"/>
</kw>
<kw name="Sleep" library="BuiltIn">
<arg>1s</arg>
<doc>Pauses the test executed for the given time.</doc>
<msg timestamp="20220214 15:37:37.009" level="INFO">Slept 1 second</msg>
<status status="PASS" starttime="20220214 15:37:35.998" endtime="20220214 15:37:37.009"/>
</kw>
<status status="PASS" starttime="20220214 15:37:31.763" endtime="20220214 15:37:37.009"/>
</kw>
<kw name="Validate and Verify Input TextBox by Value" library="CommonGlobal">
<arg>${register_mainScreen_email_txtbox}</arg>
<arg>${input_email}</arg>
<kw name="Scroll Element Into View" library="SeleniumLibrary">
<arg>${input_selector}</arg>
<doc>Scrolls the element identified by ``locator`` into view.</doc>
<status status="PASS" starttime="20220214 15:37:37.009" endtime="20220214 15:37:37.280"/>
</kw>
<kw name="Element Should Be Visible" library="SeleniumLibrary">
<arg>${input_selector}</arg>
<doc>Verifies that the element identified by ``locator`` is visible.</doc>
<msg timestamp="20220214 15:37:37.290" level="INFO">Element 'xpath://*[@class="page registration-page"]//form//*[@id="Email"]' is displayed.</msg>
<status status="PASS" starttime="20220214 15:37:37.280" endtime="20220214 15:37:37.290"/>
</kw>
<kw name="Element Should Be Enabled" library="SeleniumLibrary">
<arg>${input_selector}</arg>
<doc>Verifies that element identified by ``locator`` is enabled.</doc>
<status status="PASS" starttime="20220214 15:37:37.290" endtime="20220214 15:37:37.310"/>
</kw>
<kw name="Input Text" library="SeleniumLibrary">
<arg>${input_selector}</arg>
<arg>${input_value}</arg>
<doc>Types the given ``text`` into the text field identified by ``locator``.</doc>
<msg timestamp="20220214 15:37:37.310" level="INFO">Typing text '0m_robot.framework.selenium@mailinator.com' into text field 'xpath://*[@class="page registration-page"]//form//*[@id="Email"]'.</msg>
<status status="PASS" starttime="20220214 15:37:37.310" endtime="20220214 15:37:37.439"/>
</kw>
<kw name="Sleep" library="BuiltIn">
<arg>1s</arg>
<doc>Pauses the test executed for the given time.</doc>
<msg timestamp="20220214 15:37:38.442" level="INFO">Slept 1 second</msg>
<status status="PASS" starttime="20220214 15:37:37.439" endtime="20220214 15:37:38.442"/>
</kw>
<status status="PASS" starttime="20220214 15:37:37.009" endtime="20220214 15:37:38.442"/>
</kw>
<kw name="Validate and Verify Input TextBox by Value" library="CommonGlobal">
<arg>${register_mainScreen_pasword_txtbox}</arg>
<arg>${input_password}</arg>
<kw name="Scroll Element Into View" library="SeleniumLibrary">
<arg>${input_selector}</arg>
<doc>Scrolls the element identified by ``locator`` into view.</doc>
<status status="PASS" starttime="20220214 15:37:38.442" endtime="20220214 15:37:38.723"/>
</kw>
<kw name="Element Should Be Visible" library="SeleniumLibrary">
<arg>${input_selector}</arg>
<doc>Verifies that the element identified by ``locator`` is visible.</doc>
<msg timestamp="20220214 15:37:38.733" level="INFO">Element 'xpath://*[@class="page registration-page"]//form//*[@id="Password"]' is displayed.</msg>
<status status="PASS" starttime="20220214 15:37:38.723" endtime="20220214 15:37:38.733"/>
</kw>
<kw name="Element Should Be Enabled" library="SeleniumLibrary">
<arg>${input_selector}</arg>
<doc>Verifies that element identified by ``locator`` is enabled.</doc>
<status status="PASS" starttime="20220214 15:37:38.733" endtime="20220214 15:37:38.763"/>
</kw>
<kw name="Input Text" library="SeleniumLibrary">
<arg>${input_selector}</arg>
<arg>${input_value}</arg>
<doc>Types the given ``text`` into the text field identified by ``locator``.</doc>
<msg timestamp="20220214 15:37:38.763" level="INFO">Typing text 'test_python' into text field 'xpath://*[@class="page registration-page"]//form//*[@id="Password"]'.</msg>
<status status="PASS" starttime="20220214 15:37:38.763" endtime="20220214 15:37:38.842"/>
</kw>
<kw name="Sleep" library="BuiltIn">
<arg>1s</arg>
<doc>Pauses the test executed for the given time.</doc>
<msg timestamp="20220214 15:37:39.847" level="INFO">Slept 1 second</msg>
<status status="PASS" starttime="20220214 15:37:38.842" endtime="20220214 15:37:39.847"/>
</kw>
<status status="PASS" starttime="20220214 15:37:38.442" endtime="20220214 15:37:39.847"/>
</kw>
<kw name="Validate and Verify Input TextBox by Value" library="CommonGlobal">
<arg>${register_mainScreen_confirmPasword_txtbox}</arg>
<arg>${input_password}</arg>
<kw name="Scroll Element Into View" library="SeleniumLibrary">
<arg>${input_selector}</arg>
<doc>Scrolls the element identified by ``locator`` into view.</doc>
<status status="PASS" starttime="20220214 15:37:39.847" endtime="20220214 15:37:40.126"/>
</kw>
<kw name="Element Should Be Visible" library="SeleniumLibrary">
<arg>${input_selector}</arg>
<doc>Verifies that the element identified by ``locator`` is visible.</doc>
<msg timestamp="20220214 15:37:40.136" level="INFO">Element 'xpath://*[@class="page registration-page"]//form//*[@id="ConfirmPassword"]' is displayed.</msg>
<status status="PASS" starttime="20220214 15:37:40.126" endtime="20220214 15:37:40.136"/>
</kw>
<kw name="Element Should Be Enabled" library="SeleniumLibrary">
<arg>${input_selector}</arg>
<doc>Verifies that element identified by ``locator`` is enabled.</doc>
<status status="PASS" starttime="20220214 15:37:40.136" endtime="20220214 15:37:40.156"/>
</kw>
<kw name="Input Text" library="SeleniumLibrary">
<arg>${input_selector}</arg>
<arg>${input_value}</arg>
<doc>Types the given ``text`` into the text field identified by ``locator``.</doc>
<msg timestamp="20220214 15:37:40.156" level="INFO">Typing text 'test_python' into text field 'xpath://*[@class="page registration-page"]//form//*[@id="ConfirmPassword"]'.</msg>
<status status="PASS" starttime="20220214 15:37:40.156" endtime="20220214 15:37:40.228"/>
</kw>
<kw name="Sleep" library="BuiltIn">
<arg>1s</arg>
<doc>Pauses the test executed for the given time.</doc>
<msg timestamp="20220214 15:37:41.234" level="INFO">Slept 1 second</msg>
<status status="PASS" starttime="20220214 15:37:40.228" endtime="20220214 15:37:41.234"/>
</kw>
<status status="PASS" starttime="20220214 15:37:39.847" endtime="20220214 15:37:41.234"/>
</kw>
<kw name="Click Element" library="SeleniumLibrary">
<arg>${register_mainScreen_register_button}</arg>
<doc>Click the element identified by ``locator``.</doc>
<msg timestamp="20220214 15:37:41.234" level="INFO">Clicking element 'xpath://*[@class="page registration-page"]//form//*[@id="register-button"]'.</msg>
<status status="PASS" starttime="20220214 15:37:41.234" endtime="20220214 15:37:42.063"/>
</kw>
<kw name="Set Selenium Timeout" library="SeleniumLibrary">
<arg>5s</arg>
<doc>Sets the timeout that is used by various keywords.</doc>
<status status="PASS" starttime="20220214 15:37:42.063" endtime="20220214 15:37:42.064"/>
</kw>
<kw name="Location Should Be" library="SeleniumLibrary">
<arg>${REGISTER_SUCCESS_URL}</arg>
<doc>Verifies that the current URL is exactly ``url``.</doc>
<msg timestamp="20220214 15:37:42.067" level="INFO">Current location is 'https://demo.nopcommerce.com/registerresult/1?returnUrl=/'.</msg>
<status status="PASS" starttime="20220214 15:37:42.064" endtime="20220214 15:37:42.067"/>
</kw>
<kw name="Generate Screenshot Filename" library="CustomLibrary">
<var>${screenshot_filename}</var>
<msg timestamp="20220214 15:37:42.068" level="INFO">${screenshot_filename} = 02_14_2022_153742</msg>
<status status="PASS" starttime="20220214 15:37:42.068" endtime="20220214 15:37:42.068"/>
</kw>
<kw name="Capture Page Screenshot" library="SeleniumLibrary">
<arg>ReportScreenshots/${screenshot_filename}-{index}.png</arg>
<doc>Takes a screenshot of the current page and embeds it into a log file.</doc>
<msg timestamp="20220214 15:37:42.254" level="INFO" html="true">&lt;/td&gt;&lt;/tr&gt;&lt;tr&gt;&lt;td colspan="3"&gt;&lt;a href="ReportScreenshots/02_14_2022_153742-1.png"&gt;&lt;img src="ReportScreenshots/02_14_2022_153742-1.png" width="800px"&gt;&lt;/a&gt;</msg>
<status status="PASS" starttime="20220214 15:37:42.068" endtime="20220214 15:37:42.254"/>
</kw>
<status status="PASS" starttime="20220214 15:37:28.460" endtime="20220214 15:37:42.254"/>
</kw>
<kw name="LogOut User">
<kw name="Sleep" library="BuiltIn">
<arg>2s</arg>
<doc>Pauses the test executed for the given time.</doc>
<msg timestamp="20220214 15:37:44.256" level="INFO">Slept 2 seconds</msg>
<status status="PASS" starttime="20220214 15:37:42.254" endtime="20220214 15:37:44.256"/>
</kw>
<kw name="Click Element" library="SeleniumLibrary">
<arg>${common_mainscreen_logout_button}</arg>
<doc>Click the element identified by ``locator``.</doc>
<msg timestamp="20220214 15:37:44.256" level="INFO">Clicking element 'xpath://a[@class="ico-logout"]'.</msg>
<status status="PASS" starttime="20220214 15:37:44.256" endtime="20220214 15:37:45.006"/>
</kw>
<kw name="Location Should Be" library="SeleniumLibrary">
<arg>${WELCOME_URL}</arg>
<doc>Verifies that the current URL is exactly ``url``.</doc>
<msg timestamp="20220214 15:37:45.016" level="INFO">Current location is 'https://demo.nopcommerce.com/'.</msg>
<status status="PASS" starttime="20220214 15:37:45.006" endtime="20220214 15:37:45.016"/>
</kw>
<kw name="Title Should Be" library="SeleniumLibrary">
<arg>nopCommerce demo store</arg>
<doc>Verifies that the current page title equals ``title``.</doc>
<msg timestamp="20220214 15:37:45.016" level="INFO">Page title is 'nopCommerce demo store'.</msg>
<status status="PASS" starttime="20220214 15:37:45.016" endtime="20220214 15:37:45.016"/>
</kw>
<status status="PASS" starttime="20220214 15:37:42.254" endtime="20220214 15:37:45.016"/>
</kw>
<kw name="Navigate To Login Page">
<kw name="Click Element" library="SeleniumLibrary">
<arg>${common_mainScreen_login_button}</arg>
<doc>Click the element identified by ``locator``.</doc>
<msg timestamp="20220214 15:37:45.016" level="INFO">Clicking element 'xpath://a[@class="ico-login"]'.</msg>
<status status="PASS" starttime="20220214 15:37:45.016" endtime="20220214 15:37:45.506"/>
</kw>
<kw name="Location Should Be" library="SeleniumLibrary">
<arg>${LOGIN_URL}</arg>
<doc>Verifies that the current URL is exactly ``url``.</doc>
<msg timestamp="20220214 15:37:45.506" level="INFO">Current location is 'https://demo.nopcommerce.com/login?returnUrl=%2F'.</msg>
<status status="PASS" starttime="20220214 15:37:45.506" endtime="20220214 15:37:45.506"/>
</kw>
<kw name="Title Should Be" library="SeleniumLibrary">
<arg>nopCommerce demo store. Login</arg>
<doc>Verifies that the current page title equals ``title``.</doc>
<msg timestamp="20220214 15:37:45.506" level="INFO">Page title is 'nopCommerce demo store. Login'.</msg>
<status status="PASS" starttime="20220214 15:37:45.506" endtime="20220214 15:37:45.506"/>
</kw>
<status status="PASS" starttime="20220214 15:37:45.016" endtime="20220214 15:37:45.506"/>
</kw>
<kw name="Login with Credentials">
<arg>${GET_GENERATED_RANDOM_EMAIL}</arg>
<arg>${test_data.password}</arg>
<kw name="Validate and Verify Input TextBox by Value" library="CommonGlobal">
<arg>${login_mainScreen_email_txtbox}</arg>
<arg>${input_email}</arg>
<kw name="Scroll Element Into View" library="SeleniumLibrary">
<arg>${input_selector}</arg>
<doc>Scrolls the element identified by ``locator`` into view.</doc>
<status status="PASS" starttime="20220214 15:37:45.506" endtime="20220214 15:37:45.796"/>
</kw>
<kw name="Element Should Be Visible" library="SeleniumLibrary">
<arg>${input_selector}</arg>
<doc>Verifies that the element identified by ``locator`` is visible.</doc>
<msg timestamp="20220214 15:37:45.806" level="INFO">Element 'xpath://form//*[@id="Email"]' is displayed.</msg>
<status status="PASS" starttime="20220214 15:37:45.796" endtime="20220214 15:37:45.806"/>
</kw>
<kw name="Element Should Be Enabled" library="SeleniumLibrary">
<arg>${input_selector}</arg>
<doc>Verifies that element identified by ``locator`` is enabled.</doc>
<status status="PASS" starttime="20220214 15:37:45.806" endtime="20220214 15:37:45.826"/>
</kw>
<kw name="Input Text" library="SeleniumLibrary">
<arg>${input_selector}</arg>
<arg>${input_value}</arg>
<doc>Types the given ``text`` into the text field identified by ``locator``.</doc>
<msg timestamp="20220214 15:37:45.826" level="INFO">Typing text '0m_robot.framework.selenium@mailinator.com' into text field 'xpath://form//*[@id="Email"]'.</msg>
<status status="PASS" starttime="20220214 15:37:45.826" endtime="20220214 15:37:45.916"/>
</kw>
<kw name="Sleep" library="BuiltIn">
<arg>1s</arg>
<doc>Pauses the test executed for the given time.</doc>
<msg timestamp="20220214 15:37:46.916" level="INFO">Slept 1 second</msg>
<status status="PASS" starttime="20220214 15:37:45.916" endtime="20220214 15:37:46.916"/>
</kw>
<status status="PASS" starttime="20220214 15:37:45.506" endtime="20220214 15:37:46.916"/>
</kw>
<kw name="Validate and Verify Input TextBox by Value" library="CommonGlobal">
<arg>${login_mainScreen_password_txtbox}</arg>
<arg>${input_password}</arg>
<kw name="Scroll Element Into View" library="SeleniumLibrary">
<arg>${input_selector}</arg>
<doc>Scrolls the element identified by ``locator`` into view.</doc>
<status status="PASS" starttime="20220214 15:37:46.916" endtime="20220214 15:37:47.186"/>
</kw>
<kw name="Element Should Be Visible" library="SeleniumLibrary">
<arg>${input_selector}</arg>
<doc>Verifies that the element identified by ``locator`` is visible.</doc>
<msg timestamp="20220214 15:37:47.196" level="INFO">Element 'xpath://form//*[@id="Password"]' is displayed.</msg>
<status status="PASS" starttime="20220214 15:37:47.186" endtime="20220214 15:37:47.196"/>
</kw>
<kw name="Element Should Be Enabled" library="SeleniumLibrary">
<arg>${input_selector}</arg>
<doc>Verifies that element identified by ``locator`` is enabled.</doc>
<status status="PASS" starttime="20220214 15:37:47.196" endtime="20220214 15:37:47.216"/>
</kw>
<kw name="Input Text" library="SeleniumLibrary">
<arg>${input_selector}</arg>
<arg>${input_value}</arg>
<doc>Types the given ``text`` into the text field identified by ``locator``.</doc>
<msg timestamp="20220214 15:37:47.216" level="INFO">Typing text 'test_python' into text field 'xpath://form//*[@id="Password"]'.</msg>
<status status="PASS" starttime="20220214 15:37:47.216" endtime="20220214 15:37:47.286"/>
</kw>
<kw name="Sleep" library="BuiltIn">
<arg>1s</arg>
<doc>Pauses the test executed for the given time.</doc>
<msg timestamp="20220214 15:37:48.286" level="INFO">Slept 1 second</msg>
<status status="PASS" starttime="20220214 15:37:47.286" endtime="20220214 15:37:48.286"/>
</kw>
<status status="PASS" starttime="20220214 15:37:46.916" endtime="20220214 15:37:48.286"/>
</kw>
<kw name="Click Button" library="SeleniumLibrary">
<arg>xpath://form//button[contains(@class,"login-button")]</arg>
<doc>Clicks the button identified by ``locator``.</doc>
<msg timestamp="20220214 15:37:48.286" level="INFO">Clicking button 'xpath://form//button[contains(@class,"login-button")]'.</msg>
<status status="PASS" starttime="20220214 15:37:48.286" endtime="20220214 15:37:49.036"/>
</kw>
<kw name="Title Should Be" library="SeleniumLibrary">
<arg>nopCommerce demo store</arg>
<doc>Verifies that the current page title equals ``title``.</doc>
<msg timestamp="20220214 15:37:49.046" level="INFO">Page title is 'nopCommerce demo store'.</msg>
<status status="PASS" starttime="20220214 15:37:49.036" endtime="20220214 15:37:49.046"/>
</kw>
<kw name="Sleep" library="BuiltIn">
<arg>2s</arg>
<doc>Pauses the test executed for the given time.</doc>
<msg timestamp="20220214 15:37:51.049" level="INFO">Slept 2 seconds</msg>
<status status="PASS" starttime="20220214 15:37:49.046" endtime="20220214 15:37:51.049"/>
</kw>
<status status="PASS" starttime="20220214 15:37:45.506" endtime="20220214 15:37:51.049"/>
</kw>
<kw name="Open new Browser Tab and Close" library="CommonGlobal">
<arg>${NEW_BROWSER_TAB}</arg>
<kw name="Execute Javascript" library="SeleniumLibrary">
<arg>window.open('${url}');</arg>
<doc>Executes the given JavaScript code with possible arguments.</doc>
<msg timestamp="20220214 15:37:51.051" level="INFO">Executing JavaScript:
window.open('https://gxd4e.csb.app/');
Without any arguments.</msg>
<status status="PASS" starttime="20220214 15:37:51.050" endtime="20220214 15:37:51.101"/>
</kw>
<kw name="Get Window Handles" library="SeleniumLibrary">
<var>${handles}</var>
<doc>Returns all child window handles of the selected browser as a list.</doc>
<msg timestamp="20220214 15:37:51.104" level="INFO">${handles} = ['CDwindow-B513B0908C647CEFEE853B339D59F047', 'CDwindow-558D7F7E338E725EBA2C5701AE4EB6CF']</msg>
<status status="PASS" starttime="20220214 15:37:51.101" endtime="20220214 15:37:51.104"/>
</kw>
<kw name="My Logger" library="CommonGlobal">
<arg>${handles}</arg>
<status status="PASS" starttime="20220214 15:37:51.105" endtime="20220214 15:37:51.105"/>
</kw>
<kw name="Switch Window" library="SeleniumLibrary">
<arg>${handles}[1]</arg>
<doc>Switches to browser window matching ``locator``.</doc>
<status status="PASS" starttime="20220214 15:37:51.106" endtime="20220214 15:37:51.166"/>
</kw>
<kw name="Wait Until Location Contains" library="SeleniumLibrary">
<arg>${url}</arg>
<doc>Waits until the current URL contains ``expected``.</doc>
<status status="PASS" starttime="20220214 15:37:51.167" endtime="20220214 15:37:52.104"/>
</kw>
<kw name="Set Browser Implicit Wait" library="SeleniumLibrary">
<arg>3s</arg>
<doc>Sets the implicit wait value used by Selenium.</doc>
<status status="PASS" starttime="20220214 15:37:52.104" endtime="20220214 15:37:52.106"/>
</kw>
<kw name="Close Window" library="SeleniumLibrary">
<doc>Closes currently opened and selected browser window/tab.</doc>
<status status="PASS" starttime="20220214 15:37:52.106" endtime="20220214 15:37:52.127"/>
</kw>
<kw name="Set Browser Implicit Wait" library="SeleniumLibrary">
<arg>3s</arg>
<doc>Sets the implicit wait value used by Selenium.</doc>
<status status="PASS" starttime="20220214 15:37:52.127" endtime="20220214 15:37:52.128"/>
</kw>
<kw name="Switch Window" library="SeleniumLibrary">
<arg>${handles}[0]</arg>
<doc>Switches to browser window matching ``locator``.</doc>
<status status="PASS" starttime="20220214 15:37:52.129" endtime="20220214 15:37:52.136"/>
</kw>
<kw name="Sleep" library="BuiltIn">
<arg>5s</arg>
<doc>Pauses the test executed for the given time.</doc>
<msg timestamp="20220214 15:37:57.151" level="INFO">Slept 5 seconds</msg>
<status status="PASS" starttime="20220214 15:37:52.137" endtime="20220214 15:37:57.151"/>
</kw>
<status status="PASS" starttime="20220214 15:37:51.049" endtime="20220214 15:37:57.151"/>
</kw>
<kw name="Close Browser" library="SeleniumLibrary" type="TEARDOWN">
<doc>Closes the current browser.</doc>
<status status="PASS" starttime="20220214 15:37:57.152" endtime="20220214 15:37:59.247"/>
</kw>
<doc>Create New Customer with validation of elements</doc>
<tag>Smoke</tag>
<status status="PASS" starttime="20220214 15:37:25.176" endtime="20220214 15:37:59.247"/>
</test>
<doc>Register and Login new Customer</doc>
<status status="PASS" starttime="20220214 15:37:24.856" endtime="20220214 15:37:59.247"/>
</suite>
<statistics>
<total>
<stat pass="1" fail="0" skip="0">All Tests</stat>
</total>
<tag>
<stat pass="1" fail="0" skip="0">Smoke</stat>
</tag>
<suite>
<stat pass="1" fail="0" skip="0" id="s1" name="LoginandRegister">LoginandRegister</stat>
</suite>
</statistics>
<errors>
<msg timestamp="20220214 15:37:25.166" level="ERROR">Error in file 'Z:\Automation\Python\RobotSelenium\Resources\CommonGlobal.robot' on line 16: Resource file 'keywords.robot' does not exist.</msg>
</errors>
</robot>
