<?xml version="1.0" encoding="UTF-8"?>
<robot generator="Robot 4.1.3 (Python 3.9.10 on win32)" generated="20220214 14:40:56.115" rpa="false" schemaversion="2">
<suite id="s1" name="LoginandRegister" source="Z:\Automation\Python\RobotSelenium\TestCases\LoginandRegister.robot">
<test id="s1-t1" name="Register and Login New Customer">
<kw name="Proceed To Browser" library="CommonGlobal">
<kw name="Open Browser" library="SeleniumLibrary">
<arg>${app_url}</arg>
<arg>${app_browser}</arg>
<doc>Opens a new browser instance to the optional ``url``.</doc>
<msg timestamp="20220214 14:40:56.425" level="INFO">Opening browser 'chrome' to base url 'https://demo.nopcommerce.com/'.</msg>
<status status="PASS" starttime="20220214 14:40:56.425" endtime="20220214 14:40:59.188"/>
</kw>
<kw name="Maximize Browser Window" library="SeleniumLibrary">
<doc>Maximizes current browser window.</doc>
<status status="PASS" starttime="20220214 14:40:59.188" endtime="20220214 14:40:59.305"/>
</kw>
<kw name="Location Should Be" library="SeleniumLibrary">
<arg>${app_url}</arg>
<doc>Verifies that the current URL is exactly ``url``.</doc>
<msg timestamp="20220214 14:40:59.305" level="INFO">Current location is 'https://demo.nopcommerce.com/'.</msg>
<status status="PASS" starttime="20220214 14:40:59.305" endtime="20220214 14:40:59.305"/>
</kw>
<status status="PASS" starttime="20220214 14:40:56.425" endtime="20220214 14:40:59.305"/>
</kw>
<kw name="Navigate To Register Page">
<kw name="Click Element" library="SeleniumLibrary">
<arg>${common_mainScreen_registaer_button}</arg>
<doc>Click the element identified by ``locator``.</doc>
<msg timestamp="20220214 14:40:59.305" level="INFO">Clicking element 'xpath://a[@class="ico-register"]'.</msg>
<status status="PASS" starttime="20220214 14:40:59.305" endtime="20220214 14:40:59.837"/>
</kw>
<kw name="Location Should Be" library="SeleniumLibrary">
<arg>${REGISTER_URL}</arg>
<doc>Verifies that the current URL is exactly ``url``.</doc>
<msg timestamp="20220214 14:40:59.841" level="INFO">Current location is 'https://demo.nopcommerce.com/register?returnUrl=%2F'.</msg>
<status status="PASS" starttime="20220214 14:40:59.838" endtime="20220214 14:40:59.841"/>
</kw>
<kw name="Title Should Be" library="SeleniumLibrary">
<arg>nopCommerce demo store. Register</arg>
<doc>Verifies that the current page title equals ``title``.</doc>
<msg timestamp="20220214 14:40:59.845" level="INFO">Page title is 'nopCommerce demo store. Register'.</msg>
<status status="PASS" starttime="20220214 14:40:59.841" endtime="20220214 14:40:59.846"/>
</kw>
<status status="PASS" starttime="20220214 14:40:59.305" endtime="20220214 14:40:59.846"/>
</kw>
<kw name="Generate Randomize Email" library="CommonGlobal">
<arg>robot.framework.selenium</arg>
<kw name="Generate Random Emails" library="CustomLibrary">
<var>${GENERATE_RANDOM_EMAILS}</var>
<arg>${append_email}</arg>
<msg timestamp="20220214 14:40:59.847" level="INFO">${GENERATE_RANDOM_EMAILS} = mk_robot.framework.selenium@mailinator.com</msg>
<status status="PASS" starttime="20220214 14:40:59.847" endtime="20220214 14:40:59.847"/>
</kw>
<kw name="Set Test Variable" library="BuiltIn">
<arg>${GET_GENERATED_RANDOM_EMAIL}</arg>
<arg>${GENERATE_RANDOM_EMAILS}</arg>
<doc>Makes a variable available everywhere within the scope of the current test.</doc>
<msg timestamp="20220214 14:40:59.848" level="INFO">${GET_GENERATED_RANDOM_EMAIL} = mk_robot.framework.selenium@mailinator.com</msg>
<status status="PASS" starttime="20220214 14:40:59.847" endtime="20220214 14:40:59.848"/>
</kw>
<kw name="My Logger" library="CommonGlobal">
<arg>${GET_GENERATED_RANDOM_EMAIL}</arg>
<status status="PASS" starttime="20220214 14:40:59.848" endtime="20220214 14:40:59.848"/>
</kw>
<status status="PASS" starttime="20220214 14:40:59.846" endtime="20220214 14:40:59.848"/>
</kw>
<kw name="Register Customer">
<arg>Female</arg>
<arg>robot_framework</arg>
<arg>selenium</arg>
<arg>12/31/2001</arg>
<arg>Yes</arg>
<arg>${GET_GENERATED_RANDOM_EMAIL}</arg>
<arg>test_python</arg>
<kw name="Create List" library="BuiltIn">
<var>@{list_of_required_fileds}</var>
<arg>${gender}</arg>
<arg>${first_name}</arg>
<arg>${last_name}</arg>
<arg>${birth_date}</arg>
<arg>${news_letter}</arg>
<arg>${input_email}</arg>
<arg>${input_password}</arg>
<doc>Returns a list containing given items.</doc>
<msg timestamp="20220214 14:40:59.850" level="INFO">@{list_of_required_fileds} = [ Female | robot_framework | selenium | 12/31/2001 | Yes | mk_robot.framework.selenium@mailinator.com | test_python ]</msg>
<status status="PASS" starttime="20220214 14:40:59.849" endtime="20220214 14:40:59.850"/>
</kw>
<kw name="My Logger" library="CommonGlobal">
<arg>"Get Value :${list_of_required_fileds}</arg>
<status status="PASS" starttime="20220214 14:40:59.850" endtime="20220214 14:40:59.850"/>
</kw>
<for flavor="IN">
<var>${field}</var>
<value>@{list_of_required_fileds}</value>
<iter>
<var name="${field}">Female</var>
<kw name="Should Not Be Empty" library="BuiltIn">
<arg>${field}</arg>
<doc>Verifies that the given item is not empty.</doc>
<msg timestamp="20220214 14:40:59.851" level="INFO">Length is 6</msg>
<status status="PASS" starttime="20220214 14:40:59.851" endtime="20220214 14:40:59.851"/>
</kw>
<status status="PASS" starttime="20220214 14:40:59.851" endtime="20220214 14:40:59.851"/>
</iter>
<iter>
<var name="${field}">robot_framework</var>
<kw name="Should Not Be Empty" library="BuiltIn">
<arg>${field}</arg>
<doc>Verifies that the given item is not empty.</doc>
<msg timestamp="20220214 14:40:59.852" level="INFO">Length is 15</msg>
<status status="PASS" starttime="20220214 14:40:59.851" endtime="20220214 14:40:59.852"/>
</kw>
<status status="PASS" starttime="20220214 14:40:59.851" endtime="20220214 14:40:59.852"/>
</iter>
<iter>
<var name="${field}">selenium</var>
<kw name="Should Not Be Empty" library="BuiltIn">
<arg>${field}</arg>
<doc>Verifies that the given item is not empty.</doc>
<msg timestamp="20220214 14:40:59.852" level="INFO">Length is 8</msg>
<status status="PASS" starttime="20220214 14:40:59.852" endtime="20220214 14:40:59.852"/>
</kw>
<status status="PASS" starttime="20220214 14:40:59.852" endtime="20220214 14:40:59.852"/>
</iter>
<iter>
<var name="${field}">12/31/2001</var>
<kw name="Should Not Be Empty" library="BuiltIn">
<arg>${field}</arg>
<doc>Verifies that the given item is not empty.</doc>
<msg timestamp="20220214 14:40:59.853" level="INFO">Length is 10</msg>
<status status="PASS" starttime="20220214 14:40:59.853" endtime="20220214 14:40:59.853"/>
</kw>
<status status="PASS" starttime="20220214 14:40:59.852" endtime="20220214 14:40:59.853"/>
</iter>
<iter>
<var name="${field}">Yes</var>
<kw name="Should Not Be Empty" library="BuiltIn">
<arg>${field}</arg>
<doc>Verifies that the given item is not empty.</doc>
<msg timestamp="20220214 14:40:59.853" level="INFO">Length is 3</msg>
<status status="PASS" starttime="20220214 14:40:59.853" endtime="20220214 14:40:59.854"/>
</kw>
<status status="PASS" starttime="20220214 14:40:59.853" endtime="20220214 14:40:59.854"/>
</iter>
<iter>
<var name="${field}">mk_robot.framework.selenium@mailinator.com</var>
<kw name="Should Not Be Empty" library="BuiltIn">
<arg>${field}</arg>
<doc>Verifies that the given item is not empty.</doc>
<msg timestamp="20220214 14:40:59.854" level="INFO">Length is 42</msg>
<status status="PASS" starttime="20220214 14:40:59.854" endtime="20220214 14:40:59.854"/>
</kw>
<status status="PASS" starttime="20220214 14:40:59.854" endtime="20220214 14:40:59.854"/>
</iter>
<iter>
<var name="${field}">test_python</var>
<kw name="Should Not Be Empty" library="BuiltIn">
<arg>${field}</arg>
<doc>Verifies that the given item is not empty.</doc>
<msg timestamp="20220214 14:40:59.855" level="INFO">Length is 11</msg>
<status status="PASS" starttime="20220214 14:40:59.854" endtime="20220214 14:40:59.855"/>
</kw>
<status status="PASS" starttime="20220214 14:40:59.854" endtime="20220214 14:40:59.855"/>
</iter>
<status status="PASS" starttime="20220214 14:40:59.850" endtime="20220214 14:40:59.855"/>
</for>
<kw name="Click Element" library="SeleniumLibrary">
<arg>xpath://a[@class="ico-register"]</arg>
<doc>Click the element identified by ``locator``.</doc>
<msg timestamp="20220214 14:40:59.855" level="INFO">Clicking element 'xpath://a[@class="ico-register"]'.</msg>
<status status="PASS" starttime="20220214 14:40:59.855" endtime="20220214 14:41:00.282"/>
</kw>
<kw name="Convert To Lower Case" library="String">
<var>${selected_gender}</var>
<arg>${gender}</arg>
<doc>Converts string to lower case.</doc>
<msg timestamp="20220214 14:41:00.283" level="INFO">${selected_gender} = female</msg>
<status status="PASS" starttime="20220214 14:41:00.282" endtime="20220214 14:41:00.283"/>
</kw>
<kw name="Run Keyword If" library="BuiltIn">
<arg>"${selected_gender}" == "male"</arg>
<arg>OR</arg>
<arg>"${selected_gender}" == "female"</arg>
<doc>Runs the given keyword with the given arguments, if ``condition`` is true.</doc>
<status status="PASS" starttime="20220214 14:41:00.283" endtime="20220214 14:41:00.283"/>
</kw>
<kw name="Set Variable" library="BuiltIn">
<var>${selector_gender}</var>
<arg>//div[@id="gender"]//input[@id="gender-${selected_gender}"]</arg>
<doc>Returns the given values which can then be assigned to a variables.</doc>
<msg timestamp="20220214 14:41:00.284" level="INFO">${selector_gender} = //div[@id="gender"]//input[@id="gender-female"]</msg>
<status status="PASS" starttime="20220214 14:41:00.284" endtime="20220214 14:41:00.284"/>
</kw>
<kw name="Click Element" library="SeleniumLibrary">
<arg>xpath:${selector_gender}</arg>
<doc>Click the element identified by ``locator``.</doc>
<msg timestamp="20220214 14:41:00.285" level="INFO">Clicking element 'xpath://div[@id="gender"]//input[@id="gender-female"]'.</msg>
<status status="PASS" starttime="20220214 14:41:00.284" endtime="20220214 14:41:00.335"/>
</kw>
<kw name="Set Variable" library="BuiltIn">
<var>${selector_registration_parent}</var>
<arg>//*[@class="page registration-page"]</arg>
<doc>Returns the given values which can then be assigned to a variables.</doc>
<msg timestamp="20220214 14:41:00.336" level="INFO">${selector_registration_parent} = //*[@class="page registration-page"]</msg>
<status status="PASS" starttime="20220214 14:41:00.336" endtime="20220214 14:41:00.336"/>
</kw>
<kw name="Validate and Verify Input TextBox by Value" library="CommonGlobal">
<arg>${register_mainScreen_firstName_txtbox}</arg>
<arg>${first_name}</arg>
<kw name="Scroll Element Into View" library="SeleniumLibrary">
<arg>${input_selector}</arg>
<doc>Scrolls the element identified by ``locator`` into view.</doc>
<status status="PASS" starttime="20220214 14:41:00.337" endtime="20220214 14:41:00.629"/>
</kw>
<kw name="Element Should Be Visible" library="SeleniumLibrary">
<arg>${input_selector}</arg>
<doc>Verifies that the element identified by ``locator`` is visible.</doc>
<msg timestamp="20220214 14:41:00.649" level="INFO">Element 'xpath://*[@class="page registration-page"]//form//*[@id="FirstName"]' is displayed.</msg>
<status status="PASS" starttime="20220214 14:41:00.629" endtime="20220214 14:41:00.649"/>
</kw>
<kw name="Element Should Be Enabled" library="SeleniumLibrary">
<arg>${input_selector}</arg>
<doc>Verifies that element identified by ``locator`` is enabled.</doc>
<status status="PASS" starttime="20220214 14:41:00.649" endtime="20220214 14:41:00.669"/>
</kw>
<kw name="Input Text" library="SeleniumLibrary">
<arg>${input_selector}</arg>
<arg>${input_value}</arg>
<doc>Types the given ``text`` into the text field identified by ``locator``.</doc>
<msg timestamp="20220214 14:41:00.669" level="INFO">Typing text 'robot_framework' into text field 'xpath://*[@class="page registration-page"]//form//*[@id="FirstName"]'.</msg>
<status status="PASS" starttime="20220214 14:41:00.669" endtime="20220214 14:41:00.763"/>
</kw>
<kw name="Sleep" library="BuiltIn">
<arg>1s</arg>
<doc>Pauses the test executed for the given time.</doc>
<msg timestamp="20220214 14:41:01.777" level="INFO">Slept 1 second</msg>
<status status="PASS" starttime="20220214 14:41:00.763" endtime="20220214 14:41:01.777"/>
</kw>
<status status="PASS" starttime="20220214 14:41:00.336" endtime="20220214 14:41:01.777"/>
</kw>
<kw name="Validate and Verify Input TextBox by Value" library="CommonGlobal">
<arg>${register_mainScreen_lastName_txtbox}</arg>
<arg>${last_name}</arg>
<kw name="Scroll Element Into View" library="SeleniumLibrary">
<arg>${input_selector}</arg>
<doc>Scrolls the element identified by ``locator`` into view.</doc>
<status status="PASS" starttime="20220214 14:41:01.778" endtime="20220214 14:41:02.060"/>
</kw>
<kw name="Element Should Be Visible" library="SeleniumLibrary">
<arg>${input_selector}</arg>
<doc>Verifies that the element identified by ``locator`` is visible.</doc>
<msg timestamp="20220214 14:41:02.079" level="INFO">Element 'xpath://*[@class="page registration-page"]//form//*[@id="LastName"]' is displayed.</msg>
<status status="PASS" starttime="20220214 14:41:02.060" endtime="20220214 14:41:02.079"/>
</kw>
<kw name="Element Should Be Enabled" library="SeleniumLibrary">
<arg>${input_selector}</arg>
<doc>Verifies that element identified by ``locator`` is enabled.</doc>
<status status="PASS" starttime="20220214 14:41:02.079" endtime="20220214 14:41:02.103"/>
</kw>
<kw name="Input Text" library="SeleniumLibrary">
<arg>${input_selector}</arg>
<arg>${input_value}</arg>
<doc>Types the given ``text`` into the text field identified by ``locator``.</doc>
<msg timestamp="20220214 14:41:02.104" level="INFO">Typing text 'selenium' into text field 'xpath://*[@class="page registration-page"]//form//*[@id="LastName"]'.</msg>
<status status="PASS" starttime="20220214 14:41:02.103" endtime="20220214 14:41:02.175"/>
</kw>
<kw name="Sleep" library="BuiltIn">
<arg>1s</arg>
<doc>Pauses the test executed for the given time.</doc>
<msg timestamp="20220214 14:41:03.188" level="INFO">Slept 1 second</msg>
<status status="PASS" starttime="20220214 14:41:02.176" endtime="20220214 14:41:03.188"/>
</kw>
<status status="PASS" starttime="20220214 14:41:01.777" endtime="20220214 14:41:03.188"/>
</kw>
<kw name="Select Birth of Date" library="CommonGlobal">
<arg>${register_mainScreen_birthdate_datepicker}</arg>
<arg>${birth_date}</arg>
<kw name="Split String Return By Index" library="CustomLibrary">
<var>${get_mm}</var>
<arg>${birth_date_value}</arg>
<arg>/</arg>
<arg>0</arg>
<msg timestamp="20220214 14:41:03.189" level="INFO">${get_mm} = 12</msg>
<status status="PASS" starttime="20220214 14:41:03.189" endtime="20220214 14:41:03.189"/>
</kw>
<kw name="Split String Return By Index" library="CustomLibrary">
<var>${get_dd}</var>
<arg>${birth_date_value}</arg>
<arg>/</arg>
<arg>1</arg>
<msg timestamp="20220214 14:41:03.190" level="INFO">${get_dd} = 31</msg>
<status status="PASS" starttime="20220214 14:41:03.189" endtime="20220214 14:41:03.190"/>
</kw>
<kw name="Split String Return By Index" library="CustomLibrary">
<var>${get_yyyy}</var>
<arg>${birth_date_value}</arg>
<arg>/</arg>
<arg>2</arg>
<msg timestamp="20220214 14:41:03.190" level="INFO">${get_yyyy} = 2001</msg>
<status status="PASS" starttime="20220214 14:41:03.190" endtime="20220214 14:41:03.190"/>
</kw>
<kw name="My Logger" library="CommonGlobal">
<arg>${get_mm}-${get_dd}-${get_yyyy}</arg>
<status status="PASS" starttime="20220214 14:41:03.191" endtime="20220214 14:41:03.191"/>
</kw>
<kw name="Validate and Verify Dropdown by" library="CommonGlobal">
<arg>Index</arg>
<arg>${parent_selector}//select[@name="DateOfBirthMonth"]</arg>
<arg>${get_mm}</arg>
<kw name="Scroll Element Into View" library="SeleniumLibrary">
<arg>${dropdown_selector}</arg>
<doc>Scrolls the element identified by ``locator`` into view.</doc>
<status status="PASS" starttime="20220214 14:41:03.192" endtime="20220214 14:41:03.492"/>
</kw>
<kw name="Element Should Be Visible" library="SeleniumLibrary">
<arg>${dropdown_selector}</arg>
<doc>Verifies that the element identified by ``locator`` is visible.</doc>
<msg timestamp="20220214 14:41:03.508" level="INFO">Element 'xpath://*[@class="page registration-page"]//div[@class="date-picker-wrapper"]//select[@name="DateOfBirthMonth"]' is displayed.</msg>
<status status="PASS" starttime="20220214 14:41:03.492" endtime="20220214 14:41:03.508"/>
</kw>
<kw name="Element Should Be Enabled" library="SeleniumLibrary">
<arg>${dropdown_selector}</arg>
<doc>Verifies that element identified by ``locator`` is enabled.</doc>
<status status="PASS" starttime="20220214 14:41:03.508" endtime="20220214 14:41:03.529"/>
</kw>
<kw name="Convert To Lower Case" library="String">
<var>${select_by}</var>
<arg>${value_index_label}</arg>
<doc>Converts string to lower case.</doc>
<msg timestamp="20220214 14:41:03.530" level="INFO">${select_by} = index</msg>
<status status="PASS" starttime="20220214 14:41:03.530" endtime="20220214 14:41:03.530"/>
</kw>
<if>
<branch type="IF" condition="'${select_by}' == 'value'">
<kw name="Select From List By Value" library="SeleniumLibrary">
<arg>${dropdown_selector}</arg>
<arg>${dropdown_item_value}</arg>
<doc>Selects options from selection list ``locator`` by ``values``.</doc>
<status status="NOT RUN" starttime="20220214 14:41:03.531" endtime="20220214 14:41:03.531"/>
</kw>
<status status="NOT RUN" starttime="20220214 14:41:03.530" endtime="20220214 14:41:03.531"/>
</branch>
<branch type="ELSE IF" condition="'${select_by}' == 'index'">
<kw name="Select From List By Index" library="SeleniumLibrary">
<arg>${dropdown_selector}</arg>
<arg>${dropdown_item_value}</arg>
<doc>Selects options from selection list ``locator`` by ``indexes``.</doc>
<msg timestamp="20220214 14:41:03.531" level="INFO">Selecting options from selection list 'xpath://*[@class="page registration-page"]//div[@class="date-picker-wrapper"]//select[@name="DateOfBirthMonth"]' by index 12.</msg>
<status status="PASS" starttime="20220214 14:41:03.531" endtime="20220214 14:41:03.683"/>
</kw>
<status status="PASS" starttime="20220214 14:41:03.531" endtime="20220214 14:41:03.683"/>
</branch>
<branch type="ELSE">
<kw name="Select From List By Label" library="SeleniumLibrary">
<arg>${dropdown_selector}</arg>
<arg>${dropdown_item_value}</arg>
<doc>Selects options from selection list ``locator`` by ``labels``.</doc>
<status status="NOT RUN" starttime="20220214 14:41:03.684" endtime="20220214 14:41:03.684"/>
</kw>
<status status="NOT RUN" starttime="20220214 14:41:03.684" endtime="20220214 14:41:03.684"/>
</branch>
<status status="PASS" starttime="20220214 14:41:03.530" endtime="20220214 14:41:03.684"/>
</if>
<kw name="Sleep" library="BuiltIn">
<arg>1s</arg>
<doc>Pauses the test executed for the given time.</doc>
<msg timestamp="20220214 14:41:04.693" level="INFO">Slept 1 second</msg>
<status status="PASS" starttime="20220214 14:41:03.684" endtime="20220214 14:41:04.693"/>
</kw>
<status status="PASS" starttime="20220214 14:41:03.191" endtime="20220214 14:41:04.693"/>
</kw>
<kw name="Validate and Verify Dropdown by Value" library="CommonGlobal">
<arg>${parent_selector}//select[@name="DateOfBirthDay"]</arg>
<arg>${get_dd}</arg>
<kw name="Scroll Element Into View" library="SeleniumLibrary">
<arg>${dropdown_selector}</arg>
<doc>Scrolls the element identified by ``locator`` into view.</doc>
<status status="PASS" starttime="20220214 14:41:04.694" endtime="20220214 14:41:04.982"/>
</kw>
<kw name="Element Should Be Visible" library="SeleniumLibrary">
<arg>${dropdown_selector}</arg>
<doc>Verifies that the element identified by ``locator`` is visible.</doc>
<msg timestamp="20220214 14:41:04.997" level="INFO">Element 'xpath://*[@class="page registration-page"]//div[@class="date-picker-wrapper"]//select[@name="DateOfBirthDay"]' is displayed.</msg>
<status status="PASS" starttime="20220214 14:41:04.982" endtime="20220214 14:41:04.997"/>
</kw>
<kw name="Element Should Be Enabled" library="SeleniumLibrary">
<arg>${dropdown_selector}</arg>
<doc>Verifies that element identified by ``locator`` is enabled.</doc>
<status status="PASS" starttime="20220214 14:41:04.998" endtime="20220214 14:41:05.018"/>
</kw>
<kw name="Select From List By Value" library="SeleniumLibrary">
<arg>${dropdown_selector}</arg>
<arg>${dropdown_item_value}</arg>
<doc>Selects options from selection list ``locator`` by ``values``.</doc>
<msg timestamp="20220214 14:41:05.019" level="INFO">Selecting options from selection list 'xpath://*[@class="page registration-page"]//div[@class="date-picker-wrapper"]//select[@name="DateOfBirthDay"]' by value 31.</msg>
<status status="PASS" starttime="20220214 14:41:05.018" endtime="20220214 14:41:05.070"/>
</kw>
<kw name="Sleep" library="BuiltIn">
<arg>1s</arg>
<doc>Pauses the test executed for the given time.</doc>
<msg timestamp="20220214 14:41:06.079" level="INFO">Slept 1 second</msg>
<status status="PASS" starttime="20220214 14:41:05.070" endtime="20220214 14:41:06.079"/>
</kw>
<status status="PASS" starttime="20220214 14:41:04.693" endtime="20220214 14:41:06.079"/>
</kw>
<kw name="Validate and Verify Dropdown by Value" library="CommonGlobal">
<arg>${parent_selector}//select[@name="DateOfBirthYear"]</arg>
<arg>${get_yyyy}</arg>
<kw name="Scroll Element Into View" library="SeleniumLibrary">
<arg>${dropdown_selector}</arg>
<doc>Scrolls the element identified by ``locator`` into view.</doc>
<status status="PASS" starttime="20220214 14:41:06.080" endtime="20220214 14:41:06.348"/>
</kw>
<kw name="Element Should Be Visible" library="SeleniumLibrary">
<arg>${dropdown_selector}</arg>
<doc>Verifies that the element identified by ``locator`` is visible.</doc>
<msg timestamp="20220214 14:41:06.362" level="INFO">Element 'xpath://*[@class="page registration-page"]//div[@class="date-picker-wrapper"]//select[@name="DateOfBirthYear"]' is displayed.</msg>
<status status="PASS" starttime="20220214 14:41:06.348" endtime="20220214 14:41:06.362"/>
</kw>
<kw name="Element Should Be Enabled" library="SeleniumLibrary">
<arg>${dropdown_selector}</arg>
<doc>Verifies that element identified by ``locator`` is enabled.</doc>
<status status="PASS" starttime="20220214 14:41:06.362" endtime="20220214 14:41:06.383"/>
</kw>
<kw name="Select From List By Value" library="SeleniumLibrary">
<arg>${dropdown_selector}</arg>
<arg>${dropdown_item_value}</arg>
<doc>Selects options from selection list ``locator`` by ``values``.</doc>
<msg timestamp="20220214 14:41:06.383" level="INFO">Selecting options from selection list 'xpath://*[@class="page registration-page"]//div[@class="date-picker-wrapper"]//select[@name="DateOfBirthYear"]' by value 2001.</msg>
<status status="PASS" starttime="20220214 14:41:06.383" endtime="20220214 14:41:06.435"/>
</kw>
<kw name="Sleep" library="BuiltIn">
<arg>1s</arg>
<doc>Pauses the test executed for the given time.</doc>
<msg timestamp="20220214 14:41:07.447" level="INFO">Slept 1 second</msg>
<status status="PASS" starttime="20220214 14:41:06.435" endtime="20220214 14:41:07.447"/>
</kw>
<status status="PASS" starttime="20220214 14:41:06.079" endtime="20220214 14:41:07.447"/>
</kw>
<kw name="Sleep" library="BuiltIn">
<arg>1s</arg>
<doc>Pauses the test executed for the given time.</doc>
<msg timestamp="20220214 14:41:08.459" level="INFO">Slept 1 second</msg>
<status status="PASS" starttime="20220214 14:41:07.447" endtime="20220214 14:41:08.459"/>
</kw>
<status status="PASS" starttime="20220214 14:41:03.188" endtime="20220214 14:41:08.459"/>
</kw>
<kw name="Validate and Verify Input TextBox by Value" library="CommonGlobal">
<arg>${register_mainScreen_email_txtbox}</arg>
<arg>${input_email}</arg>
<kw name="Scroll Element Into View" library="SeleniumLibrary">
<arg>${input_selector}</arg>
<doc>Scrolls the element identified by ``locator`` into view.</doc>
<status status="PASS" starttime="20220214 14:41:08.460" endtime="20220214 14:41:08.732"/>
</kw>
<kw name="Element Should Be Visible" library="SeleniumLibrary">
<arg>${input_selector}</arg>
<doc>Verifies that the element identified by ``locator`` is visible.</doc>
<msg timestamp="20220214 14:41:08.742" level="INFO">Element 'xpath://*[@class="page registration-page"]//form//*[@id="Email"]' is displayed.</msg>
<status status="PASS" starttime="20220214 14:41:08.732" endtime="20220214 14:41:08.742"/>
</kw>
<kw name="Element Should Be Enabled" library="SeleniumLibrary">
<arg>${input_selector}</arg>
<doc>Verifies that element identified by ``locator`` is enabled.</doc>
<status status="PASS" starttime="20220214 14:41:08.742" endtime="20220214 14:41:08.762"/>
</kw>
<kw name="Input Text" library="SeleniumLibrary">
<arg>${input_selector}</arg>
<arg>${input_value}</arg>
<doc>Types the given ``text`` into the text field identified by ``locator``.</doc>
<msg timestamp="20220214 14:41:08.762" level="INFO">Typing text 'mk_robot.framework.selenium@mailinator.com' into text field 'xpath://*[@class="page registration-page"]//form//*[@id="Email"]'.</msg>
<status status="PASS" starttime="20220214 14:41:08.762" endtime="20220214 14:41:08.865"/>
</kw>
<kw name="Sleep" library="BuiltIn">
<arg>1s</arg>
<doc>Pauses the test executed for the given time.</doc>
<msg timestamp="20220214 14:41:09.869" level="INFO">Slept 1 second</msg>
<status status="PASS" starttime="20220214 14:41:08.865" endtime="20220214 14:41:09.869"/>
</kw>
<status status="PASS" starttime="20220214 14:41:08.459" endtime="20220214 14:41:09.869"/>
</kw>
<kw name="Validate and Verify Input TextBox by Value" library="CommonGlobal">
<arg>${register_mainScreen_pasword_txtbox}</arg>
<arg>${input_password}</arg>
<kw name="Scroll Element Into View" library="SeleniumLibrary">
<arg>${input_selector}</arg>
<doc>Scrolls the element identified by ``locator`` into view.</doc>
<status status="PASS" starttime="20220214 14:41:09.870" endtime="20220214 14:41:10.151"/>
</kw>
<kw name="Element Should Be Visible" library="SeleniumLibrary">
<arg>${input_selector}</arg>
<doc>Verifies that the element identified by ``locator`` is visible.</doc>
<msg timestamp="20220214 14:41:10.168" level="INFO">Element 'xpath://*[@class="page registration-page"]//form//*[@id="Password"]' is displayed.</msg>
<status status="PASS" starttime="20220214 14:41:10.151" endtime="20220214 14:41:10.168"/>
</kw>
<kw name="Element Should Be Enabled" library="SeleniumLibrary">
<arg>${input_selector}</arg>
<doc>Verifies that element identified by ``locator`` is enabled.</doc>
<status status="PASS" starttime="20220214 14:41:10.168" endtime="20220214 14:41:10.191"/>
</kw>
<kw name="Input Text" library="SeleniumLibrary">
<arg>${input_selector}</arg>
<arg>${input_value}</arg>
<doc>Types the given ``text`` into the text field identified by ``locator``.</doc>
<msg timestamp="20220214 14:41:10.191" level="INFO">Typing text 'test_python' into text field 'xpath://*[@class="page registration-page"]//form//*[@id="Password"]'.</msg>
<status status="PASS" starttime="20220214 14:41:10.191" endtime="20220214 14:41:10.273"/>
</kw>
<kw name="Sleep" library="BuiltIn">
<arg>1s</arg>
<doc>Pauses the test executed for the given time.</doc>
<msg timestamp="20220214 14:41:11.276" level="INFO">Slept 1 second</msg>
<status status="PASS" starttime="20220214 14:41:10.273" endtime="20220214 14:41:11.276"/>
</kw>
<status status="PASS" starttime="20220214 14:41:09.869" endtime="20220214 14:41:11.276"/>
</kw>
<kw name="Validate and Verify Input TextBox by Value" library="CommonGlobal">
<arg>${register_mainScreen_confirmPasword_txtbox}</arg>
<arg>${input_password}</arg>
<kw name="Scroll Element Into View" library="SeleniumLibrary">
<arg>${input_selector}</arg>
<doc>Scrolls the element identified by ``locator`` into view.</doc>
<status status="PASS" starttime="20220214 14:41:11.276" endtime="20220214 14:41:11.548"/>
</kw>
<kw name="Element Should Be Visible" library="SeleniumLibrary">
<arg>${input_selector}</arg>
<doc>Verifies that the element identified by ``locator`` is visible.</doc>
<msg timestamp="20220214 14:41:11.560" level="INFO">Element 'xpath://*[@class="page registration-page"]//form//*[@id="ConfirmPassword"]' is displayed.</msg>
<status status="PASS" starttime="20220214 14:41:11.548" endtime="20220214 14:41:11.560"/>
</kw>
<kw name="Element Should Be Enabled" library="SeleniumLibrary">
<arg>${input_selector}</arg>
<doc>Verifies that element identified by ``locator`` is enabled.</doc>
<status status="PASS" starttime="20220214 14:41:11.560" endtime="20220214 14:41:11.580"/>
</kw>
<kw name="Input Text" library="SeleniumLibrary">
<arg>${input_selector}</arg>
<arg>${input_value}</arg>
<doc>Types the given ``text`` into the text field identified by ``locator``.</doc>
<msg timestamp="20220214 14:41:11.580" level="INFO">Typing text 'test_python' into text field 'xpath://*[@class="page registration-page"]//form//*[@id="ConfirmPassword"]'.</msg>
<status status="PASS" starttime="20220214 14:41:11.580" endtime="20220214 14:41:11.652"/>
</kw>
<kw name="Sleep" library="BuiltIn">
<arg>1s</arg>
<doc>Pauses the test executed for the given time.</doc>
<msg timestamp="20220214 14:41:12.655" level="INFO">Slept 1 second</msg>
<status status="PASS" starttime="20220214 14:41:11.652" endtime="20220214 14:41:12.655"/>
</kw>
<status status="PASS" starttime="20220214 14:41:11.276" endtime="20220214 14:41:12.655"/>
</kw>
<kw name="Click Element" library="SeleniumLibrary">
<arg>${register_mainScreen_register_button}</arg>
<doc>Click the element identified by ``locator``.</doc>
<msg timestamp="20220214 14:41:12.656" level="INFO">Clicking element 'xpath://*[@class="page registration-page"]//form//*[@id="register-button"]'.</msg>
<status status="PASS" starttime="20220214 14:41:12.655" endtime="20220214 14:41:13.480"/>
</kw>
<kw name="Set Selenium Timeout" library="SeleniumLibrary">
<arg>5s</arg>
<doc>Sets the timeout that is used by various keywords.</doc>
<status status="PASS" starttime="20220214 14:41:13.480" endtime="20220214 14:41:13.482"/>
</kw>
<kw name="Location Should Be" library="SeleniumLibrary">
<arg>${REGISTER_SUCCESS_URL}</arg>
<doc>Verifies that the current URL is exactly ``url``.</doc>
<msg timestamp="20220214 14:41:13.486" level="INFO">Current location is 'https://demo.nopcommerce.com/registerresult/1?returnUrl=/'.</msg>
<status status="PASS" starttime="20220214 14:41:13.482" endtime="20220214 14:41:13.486"/>
</kw>
<kw name="Generate Screenshot Filename" library="CustomLibrary">
<var>${screenshot_filename}</var>
<msg timestamp="20220214 14:41:13.487" level="INFO">${screenshot_filename} = 02_14_2022_144113</msg>
<status status="PASS" starttime="20220214 14:41:13.486" endtime="20220214 14:41:13.487"/>
</kw>
<kw name="Capture Page Screenshot" library="SeleniumLibrary">
<arg>ReportScreenshots/${screenshot_filename}-{index}.png</arg>
<doc>Takes a screenshot of the current page and embeds it into a log file.</doc>
<msg timestamp="20220214 14:41:13.664" level="INFO" html="true">&lt;/td&gt;&lt;/tr&gt;&lt;tr&gt;&lt;td colspan="3"&gt;&lt;a href="ReportScreenshots/02_14_2022_144113-1.png"&gt;&lt;img src="ReportScreenshots/02_14_2022_144113-1.png" width="800px"&gt;&lt;/a&gt;</msg>
<status status="PASS" starttime="20220214 14:41:13.487" endtime="20220214 14:41:13.664"/>
</kw>
<status status="PASS" starttime="20220214 14:40:59.848" endtime="20220214 14:41:13.664"/>
</kw>
<kw name="LogOut User">
<kw name="Sleep" library="BuiltIn">
<arg>2s</arg>
<doc>Pauses the test executed for the given time.</doc>
<msg timestamp="20220214 14:41:15.671" level="INFO">Slept 2 seconds</msg>
<status status="PASS" starttime="20220214 14:41:13.667" endtime="20220214 14:41:15.671"/>
</kw>
<kw name="Click Element" library="SeleniumLibrary">
<arg>${common_mainscreen_logout_button}</arg>
<doc>Click the element identified by ``locator``.</doc>
<msg timestamp="20220214 14:41:15.671" level="INFO">Clicking element 'xpath://a[@class="ico-logout"]'.</msg>
<status status="PASS" starttime="20220214 14:41:15.671" endtime="20220214 14:41:16.435"/>
</kw>
<kw name="Location Should Be" library="SeleniumLibrary">
<arg>${WELCOME_URL}</arg>
<doc>Verifies that the current URL is exactly ``url``.</doc>
<msg timestamp="20220214 14:41:16.438" level="INFO">Current location is 'https://demo.nopcommerce.com/'.</msg>
<status status="PASS" starttime="20220214 14:41:16.435" endtime="20220214 14:41:16.439"/>
</kw>
<kw name="Title Should Be" library="SeleniumLibrary">
<arg>nopCommerce demo store</arg>
<doc>Verifies that the current page title equals ``title``.</doc>
<msg timestamp="20220214 14:41:16.446" level="INFO">Page title is 'nopCommerce demo store'.</msg>
<status status="PASS" starttime="20220214 14:41:16.439" endtime="20220214 14:41:16.446"/>
</kw>
<status status="PASS" starttime="20220214 14:41:13.664" endtime="20220214 14:41:16.446"/>
</kw>
<kw name="Navigate To Login Page">
<kw name="Click Element" library="SeleniumLibrary">
<arg>${common_mainScreen_login_button}</arg>
<doc>Click the element identified by ``locator``.</doc>
<msg timestamp="20220214 14:41:16.447" level="INFO">Clicking element 'xpath://a[@class="ico-login"]'.</msg>
<status status="PASS" starttime="20220214 14:41:16.447" endtime="20220214 14:41:16.991"/>
</kw>
<kw name="Location Should Be" library="SeleniumLibrary">
<arg>${LOGIN_URL}</arg>
<doc>Verifies that the current URL is exactly ``url``.</doc>
<msg timestamp="20220214 14:41:16.995" level="INFO">Current location is 'https://demo.nopcommerce.com/login?returnUrl=%2F'.</msg>
<status status="PASS" starttime="20220214 14:41:16.991" endtime="20220214 14:41:16.995"/>
</kw>
<kw name="Title Should Be" library="SeleniumLibrary">
<arg>nopCommerce demo store. Login</arg>
<doc>Verifies that the current page title equals ``title``.</doc>
<msg timestamp="20220214 14:41:16.997" level="INFO">Page title is 'nopCommerce demo store. Login'.</msg>
<status status="PASS" starttime="20220214 14:41:16.995" endtime="20220214 14:41:16.997"/>
</kw>
<status status="PASS" starttime="20220214 14:41:16.447" endtime="20220214 14:41:16.998"/>
</kw>
<kw name="Login with Credentials">
<arg>${GET_GENERATED_RANDOM_EMAIL}</arg>
<arg>test_python</arg>
<kw name="Validate and Verify Input TextBox by Value" library="CommonGlobal">
<arg>${login_mainScreen_email_txtbox}</arg>
<arg>${input_email}</arg>
<kw name="Scroll Element Into View" library="SeleniumLibrary">
<arg>${input_selector}</arg>
<doc>Scrolls the element identified by ``locator`` into view.</doc>
<status status="PASS" starttime="20220214 14:41:16.999" endtime="20220214 14:41:17.284"/>
</kw>
<kw name="Element Should Be Visible" library="SeleniumLibrary">
<arg>${input_selector}</arg>
<doc>Verifies that the element identified by ``locator`` is visible.</doc>
<msg timestamp="20220214 14:41:17.300" level="INFO">Element 'xpath://form//*[@id="Email"]' is displayed.</msg>
<status status="PASS" starttime="20220214 14:41:17.284" endtime="20220214 14:41:17.300"/>
</kw>
<kw name="Element Should Be Enabled" library="SeleniumLibrary">
<arg>${input_selector}</arg>
<doc>Verifies that element identified by ``locator`` is enabled.</doc>
<status status="PASS" starttime="20220214 14:41:17.300" endtime="20220214 14:41:17.320"/>
</kw>
<kw name="Input Text" library="SeleniumLibrary">
<arg>${input_selector}</arg>
<arg>${input_value}</arg>
<doc>Types the given ``text`` into the text field identified by ``locator``.</doc>
<msg timestamp="20220214 14:41:17.320" level="INFO">Typing text 'mk_robot.framework.selenium@mailinator.com' into text field 'xpath://form//*[@id="Email"]'.</msg>
<status status="PASS" starttime="20220214 14:41:17.320" endtime="20220214 14:41:17.399"/>
</kw>
<kw name="Sleep" library="BuiltIn">
<arg>1s</arg>
<doc>Pauses the test executed for the given time.</doc>
<msg timestamp="20220214 14:41:18.403" level="INFO">Slept 1 second</msg>
<status status="PASS" starttime="20220214 14:41:17.399" endtime="20220214 14:41:18.403"/>
</kw>
<status status="PASS" starttime="20220214 14:41:16.998" endtime="20220214 14:41:18.403"/>
</kw>
<kw name="Validate and Verify Input TextBox by Value" library="CommonGlobal">
<arg>${login_mainScreen_password_txtbox}</arg>
<arg>${input_password}</arg>
<kw name="Scroll Element Into View" library="SeleniumLibrary">
<arg>${input_selector}</arg>
<doc>Scrolls the element identified by ``locator`` into view.</doc>
<status status="PASS" starttime="20220214 14:41:18.403" endtime="20220214 14:41:18.676"/>
</kw>
<kw name="Element Should Be Visible" library="SeleniumLibrary">
<arg>${input_selector}</arg>
<doc>Verifies that the element identified by ``locator`` is visible.</doc>
<msg timestamp="20220214 14:41:18.686" level="INFO">Element 'xpath://form//*[@id="Password"]' is displayed.</msg>
<status status="PASS" starttime="20220214 14:41:18.676" endtime="20220214 14:41:18.686"/>
</kw>
<kw name="Element Should Be Enabled" library="SeleniumLibrary">
<arg>${input_selector}</arg>
<doc>Verifies that element identified by ``locator`` is enabled.</doc>
<status status="PASS" starttime="20220214 14:41:18.686" endtime="20220214 14:41:18.706"/>
</kw>
<kw name="Input Text" library="SeleniumLibrary">
<arg>${input_selector}</arg>
<arg>${input_value}</arg>
<doc>Types the given ``text`` into the text field identified by ``locator``.</doc>
<msg timestamp="20220214 14:41:18.706" level="INFO">Typing text 'test_python' into text field 'xpath://form//*[@id="Password"]'.</msg>
<status status="PASS" starttime="20220214 14:41:18.706" endtime="20220214 14:41:18.777"/>
</kw>
<kw name="Sleep" library="BuiltIn">
<arg>1s</arg>
<doc>Pauses the test executed for the given time.</doc>
<msg timestamp="20220214 14:41:19.779" level="INFO">Slept 1 second</msg>
<status status="PASS" starttime="20220214 14:41:18.778" endtime="20220214 14:41:19.779"/>
</kw>
<status status="PASS" starttime="20220214 14:41:18.403" endtime="20220214 14:41:19.779"/>
</kw>
<kw name="Click Button" library="SeleniumLibrary">
<arg>xpath://form//button[contains(@class,"login-button")]</arg>
<doc>Clicks the button identified by ``locator``.</doc>
<msg timestamp="20220214 14:41:19.779" level="INFO">Clicking button 'xpath://form//button[contains(@class,"login-button")]'.</msg>
<status status="PASS" starttime="20220214 14:41:19.779" endtime="20220214 14:41:20.499"/>
</kw>
<kw name="Title Should Be" library="SeleniumLibrary">
<arg>nopCommerce demo store</arg>
<doc>Verifies that the current page title equals ``title``.</doc>
<msg timestamp="20220214 14:41:20.502" level="INFO">Page title is 'nopCommerce demo store'.</msg>
<status status="PASS" starttime="20220214 14:41:20.499" endtime="20220214 14:41:20.502"/>
</kw>
<kw name="Sleep" library="BuiltIn">
<arg>2s</arg>
<doc>Pauses the test executed for the given time.</doc>
<msg timestamp="20220214 14:41:22.521" level="INFO">Slept 2 seconds</msg>
<status status="PASS" starttime="20220214 14:41:20.503" endtime="20220214 14:41:22.521"/>
</kw>
<status status="PASS" starttime="20220214 14:41:16.998" endtime="20220214 14:41:22.521"/>
</kw>
<kw name="Open new Browser Tab and Close" library="CommonGlobal">
<arg>${NEW_BROWSER_TAB}</arg>
<kw name="Execute Javascript" library="SeleniumLibrary">
<arg>window.open('${url}');</arg>
<doc>Executes the given JavaScript code with possible arguments.</doc>
<msg timestamp="20220214 14:41:22.521" level="INFO">Executing JavaScript:
window.open('https://gxd4e.csb.app/');
Without any arguments.</msg>
<status status="PASS" starttime="20220214 14:41:22.521" endtime="20220214 14:41:22.562"/>
</kw>
<kw name="Get Window Handles" library="SeleniumLibrary">
<var>${handles}</var>
<doc>Returns all child window handles of the selected browser as a list.</doc>
<msg timestamp="20220214 14:41:22.565" level="INFO">${handles} = ['CDwindow-0935227B8A1D2E52E2F2B2FA9751C3A8', 'CDwindow-DEFF12C739CEAA2212F14FE58852DDC2']</msg>
<status status="PASS" starttime="20220214 14:41:22.562" endtime="20220214 14:41:22.565"/>
</kw>
<kw name="My Logger" library="CommonGlobal">
<arg>${handles}</arg>
<status status="PASS" starttime="20220214 14:41:22.565" endtime="20220214 14:41:22.566"/>
</kw>
<kw name="Switch Window" library="SeleniumLibrary">
<arg>${handles}[1]</arg>
<doc>Switches to browser window matching ``locator``.</doc>
<status status="PASS" starttime="20220214 14:41:22.566" endtime="20220214 14:41:22.608"/>
</kw>
<kw name="Wait Until Location Contains" library="SeleniumLibrary">
<arg>${url}</arg>
<doc>Waits until the current URL contains ``expected``.</doc>
<status status="PASS" starttime="20220214 14:41:22.609" endtime="20220214 14:41:23.480"/>
</kw>
<kw name="Set Browser Implicit Wait" library="SeleniumLibrary">
<arg>3s</arg>
<doc>Sets the implicit wait value used by Selenium.</doc>
<status status="PASS" starttime="20220214 14:41:23.480" endtime="20220214 14:41:23.481"/>
</kw>
<kw name="Close Window" library="SeleniumLibrary">
<doc>Closes currently opened and selected browser window/tab.</doc>
<status status="PASS" starttime="20220214 14:41:23.482" endtime="20220214 14:41:23.500"/>
</kw>
<kw name="Set Browser Implicit Wait" library="SeleniumLibrary">
<arg>3s</arg>
<doc>Sets the implicit wait value used by Selenium.</doc>
<status status="PASS" starttime="20220214 14:41:23.500" endtime="20220214 14:41:23.501"/>
</kw>
<kw name="Switch Window" library="SeleniumLibrary">
<arg>${handles}[0]</arg>
<doc>Switches to browser window matching ``locator``.</doc>
<status status="PASS" starttime="20220214 14:41:23.501" endtime="20220214 14:41:23.508"/>
</kw>
<kw name="Sleep" library="BuiltIn">
<arg>5s</arg>
<doc>Pauses the test executed for the given time.</doc>
<msg timestamp="20220214 14:41:28.510" level="INFO">Slept 5 seconds</msg>
<status status="PASS" starttime="20220214 14:41:23.508" endtime="20220214 14:41:28.510"/>
</kw>
<status status="PASS" starttime="20220214 14:41:22.521" endtime="20220214 14:41:28.510"/>
</kw>
<kw name="Close Browser" library="SeleniumLibrary" type="TEARDOWN">
<doc>Closes the current browser.</doc>
<status status="PASS" starttime="20220214 14:41:28.511" endtime="20220214 14:41:30.603"/>
</kw>
<doc>Create New Customer with validation of elements</doc>
<tag>Smoke</tag>
<status status="PASS" starttime="20220214 14:40:56.425" endtime="20220214 14:41:30.603"/>
</test>
<doc>Register and Login new Customer</doc>
<status status="PASS" starttime="20220214 14:40:56.115" endtime="20220214 14:41:30.603"/>
</suite>
<statistics>
<total>
<stat pass="1" fail="0" skip="0">All Tests</stat>
</total>
<tag>
<stat pass="1" fail="0" skip="0">Smoke</stat>
</tag>
<suite>
<stat pass="1" fail="0" skip="0" id="s1" name="LoginandRegister">LoginandRegister</stat>
</suite>
</statistics>
<errors>
</errors>
</robot>
